0 verbose cli /usr/local/bin/node /usr/local/bin/npm
1 info using npm@10.9.2
2 info using node@v22.15.0
3 silly config load:file:/usr/local/lib/node_modules/npm/npmrc
4 silly config load:file:/Users/vivek/Documents/vide coding/antigravity/dutch vocab builder/dutch-vocab-builder/.npmrc
5 silly config load:file:/Users/vivek/.npmrc
6 silly config load:file:/usr/local/etc/npmrc
7 verbose title npm install
8 verbose argv "install" "--save" "--cache" "lucide-react-native"
9 verbose logfile logs-max:10 dir:/Users/vivek/Documents/vide coding/antigravity/dutch vocab builder/dutch-vocab-builder/lucide-react-native/_logs/2026-01-24T12_35_33_461Z-
10 verbose logfile /Users/vivek/Documents/vide coding/antigravity/dutch vocab builder/dutch-vocab-builder/lucide-react-native/_logs/2026-01-24T12_35_33_461Z-debug-0.log
11 silly logfile done cleaning log files
12 silly packumentCache heap:2197815296 maxSize:549453824 maxEntrySize:274726912
13 silly idealTree buildDeps
14 silly fetch manifest @react-native-async-storage/async-storage@2.2.0
15 silly packumentCache full:https://registry.npmjs.org/@react-native-async-storage%2fasync-storage cache-miss
16 http fetch GET 200 https://registry.npmjs.org/npm 366ms
17 http fetch GET 200 https://registry.npmjs.org/@react-native-async-storage%2fasync-storage 201ms (cache miss)
18 silly packumentCache full:https://registry.npmjs.org/@react-native-async-storage%2fasync-storage set size:undefined disposed:false
19 silly fetch manifest react-native@0.81.5
20 silly packumentCache full:https://registry.npmjs.org/react-native cache-miss
21 http fetch GET 200 https://registry.npmjs.org/react-native 152ms (cache miss)
22 silly packumentCache full:https://registry.npmjs.org/react-native set size:undefined disposed:false
23 silly fetch manifest @types/react@~19.1.0
24 silly packumentCache full:https://registry.npmjs.org/@types%2freact cache-miss
25 http fetch GET 200 https://registry.npmjs.org/@types%2freact 92ms (cache miss)
26 silly packumentCache full:https://registry.npmjs.org/@types%2freact set size:undefined disposed:false
27 silly fetch manifest react@19.1.0
28 silly packumentCache full:https://registry.npmjs.org/react cache-miss
29 http fetch GET 200 https://registry.npmjs.org/react 119ms (cache miss)
30 silly packumentCache full:https://registry.npmjs.org/react set size:undefined disposed:false
31 silly fetch manifest react-native-gesture-handler@~2.28.0
32 silly packumentCache full:https://registry.npmjs.org/react-native-gesture-handler cache-miss
33 http fetch GET 200 https://registry.npmjs.org/react-native-gesture-handler 61ms (cache miss)
34 silly packumentCache full:https://registry.npmjs.org/react-native-gesture-handler set size:undefined disposed:false
35 silly placeDep ROOT @react-native-async-storage/async-storage@2.2.0 OK for: dutch-vocab-builder@1.0.0 want: 2.2.0
36 silly placeDep ROOT react-native-gesture-handler@2.28.0 OK for: dutch-vocab-builder@1.0.0 want: ~2.28.0
37 silly placeDep ROOT undefined@ OK for: dutch-vocab-builder@1.0.0 want: .npm-cache
38 silly fetch manifest merge-options@^3.0.4
39 silly packumentCache full:https://registry.npmjs.org/merge-options cache-miss
40 silly fetch manifest @egjs/hammerjs@^2.0.17
41 silly packumentCache full:https://registry.npmjs.org/@egjs%2fhammerjs cache-miss
42 silly fetch manifest hoist-non-react-statics@^3.3.0
43 silly packumentCache full:https://registry.npmjs.org/hoist-non-react-statics cache-miss
44 http fetch GET 200 https://registry.npmjs.org/merge-options 37ms (cache miss)
45 silly packumentCache full:https://registry.npmjs.org/merge-options set size:undefined disposed:false
46 http fetch GET 200 https://registry.npmjs.org/@egjs%2fhammerjs 61ms (cache miss)
47 silly packumentCache full:https://registry.npmjs.org/@egjs%2fhammerjs set size:undefined disposed:false
48 http fetch GET 200 https://registry.npmjs.org/hoist-non-react-statics 76ms (cache miss)
49 silly packumentCache full:https://registry.npmjs.org/hoist-non-react-statics set size:undefined disposed:false
50 silly placeDep ROOT merge-options@3.0.4 OK for: @react-native-async-storage/async-storage@2.2.0 want: ^3.0.4
51 silly fetch manifest is-plain-obj@^2.1.0
52 silly packumentCache full:https://registry.npmjs.org/is-plain-obj cache-miss
53 http fetch GET 200 https://registry.npmjs.org/is-plain-obj 36ms (cache miss)
54 silly packumentCache full:https://registry.npmjs.org/is-plain-obj set size:undefined disposed:false
55 silly placeDep ROOT is-plain-obj@2.1.0 OK for: merge-options@3.0.4 want: ^2.1.0
56 silly placeDep ROOT @egjs/hammerjs@2.0.17 OK for: react-native-gesture-handler@2.28.0 want: ^2.0.17
57 silly placeDep ROOT hoist-non-react-statics@3.3.2 OK for: react-native-gesture-handler@2.28.0 want: ^3.3.0
58 silly fetch manifest @types/hammerjs@^2.0.36
59 silly packumentCache full:https://registry.npmjs.org/@types%2fhammerjs cache-miss
60 silly fetch manifest react-is@^16.7.0
61 silly packumentCache full:https://registry.npmjs.org/react-is cache-miss
62 http fetch GET 200 https://registry.npmjs.org/@types%2fhammerjs 48ms (cache miss)
63 silly packumentCache full:https://registry.npmjs.org/@types%2fhammerjs set size:undefined disposed:false
64 http fetch GET 200 https://registry.npmjs.org/react-is 127ms (cache miss)
65 silly packumentCache full:https://registry.npmjs.org/react-is set size:undefined disposed:false
66 silly placeDep ROOT @types/hammerjs@2.0.46 OK for: @egjs/hammerjs@2.0.17 want: ^2.0.36
67 silly placeDep node_modules/hoist-non-react-statics react-is@16.13.1 OK for: hoist-non-react-statics@3.3.2 want: ^16.7.0
68 silly reify moves {}
69 silly audit bulk request {
69 silly audit   '@0no-co/graphql.web': [ '1.2.0' ],
69 silly audit   '@babel/code-frame': [ '7.28.6', '7.10.4' ],
69 silly audit   '@babel/compat-data': [ '7.28.6' ],
69 silly audit   '@babel/core': [ '7.28.6' ],
69 silly audit   '@babel/generator': [ '7.28.6' ],
69 silly audit   '@babel/helper-annotate-as-pure': [ '7.27.3' ],
69 silly audit   '@babel/helper-compilation-targets': [ '7.28.6' ],
69 silly audit   '@babel/helper-create-class-features-plugin': [ '7.28.6' ],
69 silly audit   '@babel/helper-create-regexp-features-plugin': [ '7.28.5' ],
69 silly audit   '@babel/helper-define-polyfill-provider': [ '0.6.6' ],
69 silly audit   '@babel/helper-globals': [ '7.28.0' ],
69 silly audit   '@babel/helper-member-expression-to-functions': [ '7.28.5' ],
69 silly audit   '@babel/helper-module-imports': [ '7.28.6' ],
69 silly audit   '@babel/helper-module-transforms': [ '7.28.6' ],
69 silly audit   '@babel/helper-optimise-call-expression': [ '7.27.1' ],
69 silly audit   '@babel/helper-plugin-utils': [ '7.28.6' ],
69 silly audit   '@babel/helper-remap-async-to-generator': [ '7.27.1' ],
69 silly audit   '@babel/helper-replace-supers': [ '7.28.6' ],
69 silly audit   '@babel/helper-skip-transparent-expression-wrappers': [ '7.27.1' ],
69 silly audit   '@babel/helper-string-parser': [ '7.27.1' ],
69 silly audit   '@babel/helper-validator-identifier': [ '7.28.5' ],
69 silly audit   '@babel/helper-validator-option': [ '7.27.1' ],
69 silly audit   '@babel/helper-wrap-function': [ '7.28.6' ],
69 silly audit   '@babel/helpers': [ '7.28.6' ],
69 silly audit   '@babel/highlight': [ '7.25.9' ],
69 silly audit   'ansi-styles': [ '3.2.1', '4.3.0', '5.2.0' ],
69 silly audit   chalk: [ '2.4.2', '4.1.2' ],
69 silly audit   'color-convert': [ '1.9.3', '2.0.1' ],
69 silly audit   'color-name': [ '1.1.3', '1.1.4' ],
69 silly audit   'escape-string-regexp': [ '1.0.5', '4.0.0', '2.0.0' ],
69 silly audit   'has-flag': [ '3.0.0', '4.0.0' ],
69 silly audit   'supports-color': [ '5.5.0', '8.1.1', '7.2.0' ],
69 silly audit   '@babel/parser': [ '7.28.6' ],
69 silly audit   '@babel/plugin-proposal-decorators': [ '7.28.6' ],
69 silly audit   '@babel/plugin-proposal-export-default-from': [ '7.27.1' ],
69 silly audit   '@babel/plugin-syntax-async-generators': [ '7.8.4' ],
69 silly audit   '@babel/plugin-syntax-bigint': [ '7.8.3' ],
69 silly audit   '@babel/plugin-syntax-class-properties': [ '7.12.13' ],
69 silly audit   '@babel/plugin-syntax-class-static-block': [ '7.14.5' ],
69 silly audit   '@babel/plugin-syntax-decorators': [ '7.28.6' ],
69 silly audit   '@babel/plugin-syntax-dynamic-import': [ '7.8.3' ],
69 silly audit   '@babel/plugin-syntax-export-default-from': [ '7.28.6' ],
69 silly audit   '@babel/plugin-syntax-flow': [ '7.28.6' ],
69 silly audit   '@babel/plugin-syntax-import-attributes': [ '7.28.6' ],
69 silly audit   '@babel/plugin-syntax-import-meta': [ '7.10.4' ],
69 silly audit   '@babel/plugin-syntax-json-strings': [ '7.8.3' ],
69 silly audit   '@babel/plugin-syntax-jsx': [ '7.28.6' ],
69 silly audit   '@babel/plugin-syntax-logical-assignment-operators': [ '7.10.4' ],
69 silly audit   '@babel/plugin-syntax-nullish-coalescing-operator': [ '7.8.3' ],
69 silly audit   '@babel/plugin-syntax-numeric-separator': [ '7.10.4' ],
69 silly audit   '@babel/plugin-syntax-object-rest-spread': [ '7.8.3' ],
69 silly audit   '@babel/plugin-syntax-optional-catch-binding': [ '7.8.3' ],
69 silly audit   '@babel/plugin-syntax-optional-chaining': [ '7.8.3' ],
69 silly audit   '@babel/plugin-syntax-private-property-in-object': [ '7.14.5' ],
69 silly audit   '@babel/plugin-syntax-top-level-await': [ '7.14.5' ],
69 silly audit   '@babel/plugin-syntax-typescript': [ '7.28.6' ],
69 silly audit   '@babel/plugin-transform-arrow-functions': [ '7.27.1' ],
69 silly audit   '@babel/plugin-transform-async-generator-functions': [ '7.28.6' ],
69 silly audit   '@babel/plugin-transform-async-to-generator': [ '7.28.6' ],
69 silly audit   '@babel/plugin-transform-block-scoping': [ '7.28.6' ],
69 silly audit   '@babel/plugin-transform-class-properties': [ '7.28.6' ],
69 silly audit   '@babel/plugin-transform-class-static-block': [ '7.28.6' ],
69 silly audit   '@babel/plugin-transform-classes': [ '7.28.6' ],
69 silly audit   '@babel/plugin-transform-computed-properties': [ '7.28.6' ],
69 silly audit   '@babel/plugin-transform-destructuring': [ '7.28.5' ],
69 silly audit   '@babel/plugin-transform-export-namespace-from': [ '7.27.1' ],
69 silly audit   '@babel/plugin-transform-flow-strip-types': [ '7.27.1' ],
69 silly audit   '@babel/plugin-transform-for-of': [ '7.27.1' ],
69 silly audit   '@babel/plugin-transform-function-name': [ '7.27.1' ],
69 silly audit   '@babel/plugin-transform-literals': [ '7.27.1' ],
69 silly audit   '@babel/plugin-transform-logical-assignment-operators': [ '7.28.6' ],
69 silly audit   '@babel/plugin-transform-modules-commonjs': [ '7.28.6' ],
69 silly audit   '@babel/plugin-transform-named-capturing-groups-regex': [ '7.27.1' ],
69 silly audit   '@babel/plugin-transform-nullish-coalescing-operator': [ '7.28.6' ],
69 silly audit   '@babel/plugin-transform-numeric-separator': [ '7.28.6' ],
69 silly audit   '@babel/plugin-transform-object-rest-spread': [ '7.28.6' ],
69 silly audit   '@babel/plugin-transform-optional-catch-binding': [ '7.28.6' ],
69 silly audit   '@babel/plugin-transform-optional-chaining': [ '7.28.6' ],
69 silly audit   '@babel/plugin-transform-parameters': [ '7.27.7' ],
69 silly audit   '@babel/plugin-transform-private-methods': [ '7.28.6' ],
69 silly audit   '@babel/plugin-transform-private-property-in-object': [ '7.28.6' ],
69 silly audit   '@babel/plugin-transform-react-display-name': [ '7.28.0' ],
69 silly audit   '@babel/plugin-transform-react-jsx': [ '7.28.6' ],
69 silly audit   '@babel/plugin-transform-react-jsx-development': [ '7.27.1' ],
69 silly audit   '@babel/plugin-transform-react-jsx-self': [ '7.27.1' ],
69 silly audit   '@babel/plugin-transform-react-jsx-source': [ '7.27.1' ],
69 silly audit   '@babel/plugin-transform-react-pure-annotations': [ '7.27.1' ],
69 silly audit   '@babel/plugin-transform-regenerator': [ '7.28.6' ],
69 silly audit   '@babel/plugin-transform-runtime': [ '7.28.5' ],
69 silly audit   '@babel/plugin-transform-shorthand-properties': [ '7.27.1' ],
69 silly audit   '@babel/plugin-transform-spread': [ '7.28.6' ],
69 silly audit   '@babel/plugin-transform-sticky-regex': [ '7.27.1' ],
69 silly audit   '@babel/plugin-transform-template-literals': [ '7.27.1' ],
69 silly audit   '@babel/plugin-transform-typescript': [ '7.28.6' ],
69 silly audit   '@babel/plugin-transform-unicode-regex': [ '7.27.1' ],
69 silly audit   '@babel/preset-react': [ '7.28.5' ],
69 silly audit   '@babel/preset-typescript': [ '7.28.5' ],
69 silly audit   '@babel/runtime': [ '7.28.6' ],
69 silly audit   '@babel/template': [ '7.28.6' ],
69 silly audit   '@babel/traverse': [ '7.28.6' ],
69 silly audit   '@babel/types': [ '7.28.6' ],
69 silly audit   '@expo/code-signing-certificates': [ '0.0.6' ],
69 silly audit   '@expo/config': [ '12.0.13' ],
69 silly audit   '@expo/config-plugins': [ '54.0.4' ],
69 silly audit   semver: [ '7.7.3', '7.6.3', '7.7.2', '6.3.1' ],
69 silly audit   '@expo/config-types': [ '54.0.10' ],
69 silly audit   '@expo/devcert': [ '1.2.1' ],
69 silly audit   debug: [ '3.2.7', '2.6.9', '4.4.3' ],
69 silly audit   '@expo/devtools': [ '0.1.8' ],
69 silly audit   '@expo/env': [ '2.0.8' ],
69 silly audit   '@expo/fingerprint': [ '0.15.4' ],
69 silly audit   '@expo/image-utils': [ '0.8.8' ],
69 silly audit   '@expo/json-file': [ '10.0.8' ],
69 silly audit   '@expo/metro': [ '54.2.0' ],
69 silly audit   '@expo/metro-config': [ '54.0.14' ],
69 silly audit   '@expo/metro-runtime': [ '6.1.2' ],
69 silly audit   '@expo/osascript': [ '2.3.8' ],
69 silly audit   '@expo/package-manager': [ '1.9.10' ],
69 silly audit   '@expo/plist': [ '0.4.8' ],
69 silly audit   '@expo/prebuild-config': [ '54.0.8' ],
69 silly audit   '@expo/schema-utils': [ '0.1.8' ],
69 silly audit   '@expo/sdk-runtime-versions': [ '1.0.0' ],
69 silly audit   '@expo/spawn-async': [ '1.7.2' ],
69 silly audit   '@expo/sudo-prompt': [ '9.3.2' ],
69 silly audit   '@expo/vector-icons': [ '15.0.3' ],
69 silly audit   '@expo/ws-tunnel': [ '1.0.6' ],
69 silly audit   '@expo/xcpretty': [ '4.3.2' ],
69 silly audit   argparse: [ '2.0.1', '1.0.10' ],
69 silly audit   'find-up': [ '5.0.0', '4.1.0' ],
69 silly audit   'js-yaml': [ '4.1.1', '3.14.2' ],
69 silly audit   'locate-path': [ '6.0.0', '5.0.0' ],
69 silly audit   'p-locate': [ '5.0.0', '4.1.0' ],
69 silly audit   '@isaacs/balanced-match': [ '4.0.1' ],
69 silly audit   '@isaacs/brace-expansion': [ '5.0.0' ],
69 silly audit   '@isaacs/fs-minipass': [ '4.0.1' ],
69 silly audit   '@isaacs/ttlcache': [ '1.4.1' ],
69 silly audit   '@istanbuljs/load-nyc-config': [ '1.1.0' ],
69 silly audit   camelcase: [ '5.3.1', '6.3.0' ],
69 silly audit   '@istanbuljs/schema': [ '0.1.3' ],
69 silly audit   '@jest/create-cache-key-function': [ '29.7.0' ],
69 silly audit   '@jest/environment': [ '29.7.0' ],
69 silly audit   '@jest/fake-timers': [ '29.7.0' ],
69 silly audit   '@jest/schemas': [ '29.6.3' ],
69 silly audit   '@jest/transform': [ '29.7.0' ],
69 silly audit   '@jest/types': [ '29.6.3' ],
69 silly audit   '@jridgewell/gen-mapping': [ '0.3.13' ],
69 silly audit   '@jridgewell/remapping': [ '2.3.5' ],
69 silly audit   '@jridgewell/resolve-uri': [ '3.1.2' ],
69 silly audit   '@jridgewell/source-map': [ '0.3.11' ],
69 silly audit   '@jridgewell/sourcemap-codec': [ '1.5.5' ],
69 silly audit   '@jridgewell/trace-mapping': [ '0.3.31' ],
69 silly audit   '@radix-ui/primitive': [ '1.1.3' ],
69 silly audit   '@radix-ui/react-compose-refs': [ '1.1.2' ],
69 silly audit   '@radix-ui/react-context': [ '1.1.2' ],
69 silly audit   '@radix-ui/react-direction': [ '1.1.1' ],
69 silly audit   '@radix-ui/react-focus-guards': [ '1.1.3' ],
69 silly audit   '@radix-ui/react-id': [ '1.1.1' ],
69 silly audit   '@radix-ui/react-slot': [ '1.2.0', '1.2.3' ],
69 silly audit   '@radix-ui/react-use-callback-ref': [ '1.1.1' ],
69 silly audit   '@radix-ui/react-use-controllable-state': [ '1.2.2' ],
69 silly audit   '@radix-ui/react-use-effect-event': [ '0.0.2' ],
69 silly audit   '@radix-ui/react-use-escape-keydown': [ '1.1.1' ],
69 silly audit   '@radix-ui/react-use-layout-effect': [ '1.1.1' ],
69 silly audit   '@react-native/assets-registry': [ '0.81.5' ],
69 silly audit   '@react-native/babel-plugin-codegen': [ '0.81.5' ],
69 silly audit   '@react-native/babel-preset': [ '0.81.5' ],
69 silly audit   '@react-native/codegen': [ '0.81.5' ],
69 silly audit   'brace-expansion': [ '1.1.12', '2.0.2' ],
69 silly audit   glob: [ '7.2.3', '13.0.0' ],
69 silly audit   minimatch: [ '3.1.2', '10.1.1', '9.0.5' ],
69 silly audit   '@react-native/community-cli-plugin': [ '0.81.5' ],
69 silly audit   '@react-native/debugger-frontend': [ '0.81.5' ],
69 silly audit   '@react-native/dev-middleware': [ '0.81.5' ],
69 silly audit   ws: [ '6.2.3', '8.19.0', '7.5.10' ],
69 silly audit   '@react-native/gradle-plugin': [ '0.81.5' ],
69 silly audit   '@react-native/js-polyfills': [ '0.81.5' ],
69 silly audit   '@react-native/normalize-colors': [ '0.81.5', '0.74.89' ],
69 silly audit   '@react-navigation/bottom-tabs': [ '7.10.1' ],
69 silly audit   '@react-navigation/core': [ '7.14.0' ],
69 silly audit   '@react-navigation/elements': [ '2.9.5' ],
69 silly audit   '@react-navigation/native': [ '7.1.28' ],
69 silly audit   '@react-navigation/native-stack': [ '7.10.1' ],
69 silly audit   '@react-navigation/routers': [ '7.5.3' ],
69 silly audit   '@sinclair/typebox': [ '0.27.8' ],
69 silly audit   '@sinonjs/commons': [ '3.0.1' ],
69 silly audit   '@sinonjs/fake-timers': [ '10.3.0' ],
69 silly audit   '@types/babel__core': [ '7.20.5' ],
69 silly audit   '@types/babel__generator': [ '7.27.0' ],
69 silly audit   '@types/babel__template': [ '7.4.4' ],
69 silly audit   '@types/babel__traverse': [ '7.28.0' ],
69 silly audit   '@types/graceful-fs': [ '4.1.9' ],
69 silly audit   '@types/istanbul-lib-coverage': [ '2.0.6' ],
69 silly audit   '@types/istanbul-lib-report': [ '3.0.3' ],
69 silly audit   '@types/istanbul-reports': [ '3.0.4' ],
69 silly audit   '@types/node': [ '25.0.10' ],
69 silly audit   '@types/react': [ '19.1.17' ],
69 silly audit   '@types/stack-utils': [ '2.0.3' ],
69 silly audit   '@types/yargs': [ '17.0.35' ],
69 silly audit   '@types/yargs-parser': [ '21.0.3' ],
69 silly audit   '@ungap/structured-clone': [ '1.3.0' ],
69 silly audit   '@urql/core': [ '5.2.0' ],
69 silly audit   '@urql/exchange-retry': [ '1.3.2' ],
69 silly audit   '@xmldom/xmldom': [ '0.8.11' ],
69 silly audit   'abort-controller': [ '3.0.0' ],
69 silly audit   accepts: [ '1.3.8' ],
69 silly audit   acorn: [ '8.15.0' ],
69 silly audit   'agent-base': [ '7.1.4' ],
69 silly audit   anser: [ '1.4.10' ],
69 silly audit   'ansi-escapes': [ '4.3.2' ],
69 silly audit   'type-fest': [ '0.21.3', '0.7.1' ],
69 silly audit   'ansi-regex': [ '5.0.1', '4.1.1' ],
69 silly audit   'any-promise': [ '1.3.0' ],
69 silly audit   anymatch: [ '3.1.3' ],
69 silly audit   arg: [ '5.0.2' ],
69 silly audit   'aria-hidden': [ '1.2.6' ],
69 silly audit   asap: [ '2.0.6' ],
69 silly audit   'async-limiter': [ '1.0.1' ],
69 silly audit   'babel-jest': [ '29.7.0' ],
69 silly audit   'babel-plugin-istanbul': [ '6.1.1' ],
69 silly audit   'babel-plugin-jest-hoist': [ '29.6.3' ],
69 silly audit   'babel-plugin-polyfill-corejs2': [ '0.4.15' ],
69 silly audit   'babel-plugin-polyfill-corejs3': [ '0.13.0' ],
69 silly audit   'babel-plugin-polyfill-regenerator': [ '0.6.6' ],
69 silly audit   'babel-plugin-react-compiler': [ '1.0.0' ],
69 silly audit   'babel-plugin-react-native-web': [ '0.21.2' ],
69 silly audit   'babel-plugin-syntax-hermes-parser': [ '0.29.1' ],
69 silly audit   'babel-plugin-transform-flow-enums': [ '0.0.2' ],
69 silly audit   'babel-preset-current-node-syntax': [ '1.2.0' ],
69 silly audit   'babel-preset-expo': [ '54.0.10' ],
69 silly audit   'babel-preset-jest': [ '29.6.3' ],
69 silly audit   'balanced-match': [ '1.0.2' ],
69 silly audit   'base64-js': [ '1.5.1' ],
69 silly audit   'baseline-browser-mapping': [ '2.9.17' ],
69 silly audit   'better-opn': [ '3.0.2' ],
69 silly audit   open: [ '8.4.2', '7.4.2' ],
69 silly audit   'big-integer': [ '1.6.52' ],
69 silly audit   'bplist-creator': [ '0.1.0' ],
69 silly audit   'bplist-parser': [ '0.3.1' ],
69 silly audit   braces: [ '3.0.3' ],
69 silly audit   browserslist: [ '4.28.1' ],
69 silly audit   bser: [ '2.1.1' ],
69 silly audit   buffer: [ '5.7.1' ],
69 silly audit   'buffer-from': [ '1.1.2' ],
69 silly audit   bytes: [ '3.1.2' ],
69 silly audit   'caniuse-lite': [ '1.0.30001766' ],
69 silly audit   chownr: [ '3.0.0' ],
69 silly audit   'chrome-launcher': [ '0.15.2' ],
69 silly audit   'chromium-edge-launcher': [ '0.2.0' ],
69 silly audit   'ci-info': [ '2.0.0', '3.9.0' ],
69 silly audit   'cli-cursor': [ '2.1.0' ],
69 silly audit   'cli-spinners': [ '2.9.2' ],
69 silly audit   'client-only': [ '0.0.1' ],
69 silly audit   cliui: [ '8.0.1' ],
69 silly audit   clone: [ '1.0.4' ],
69 silly audit   color: [ '4.2.3' ],
69 silly audit   'color-string': [ '1.9.1' ],
69 silly audit   commander: [ '7.2.0', '12.1.0', '4.1.1', '2.20.3' ],
69 silly audit   compressible: [ '2.0.18' ],
69 silly audit   compression: [ '1.8.1' ],
69 silly audit   ms: [ '2.0.0', '2.1.3' ],
69 silly audit   negotiator: [ '0.6.4', '0.6.3' ],
69 silly audit   'concat-map': [ '0.0.1' ],
69 silly audit   connect: [ '3.7.0' ],
69 silly audit   'convert-source-map': [ '2.0.0' ],
69 silly audit   'core-js-compat': [ '3.48.0' ],
69 silly audit   'cross-fetch': [ '3.2.0' ],
69 silly audit   'cross-spawn': [ '7.0.6' ],
69 silly audit   'crypto-random-string': [ '2.0.0' ],
69 silly audit   'css-in-js-utils': [ '3.1.0' ],
69 silly audit   csstype: [ '3.2.3' ],
69 silly audit   'decode-uri-component': [ '0.2.2' ],
69 silly audit   'deep-extend': [ '0.6.0' ],
69 silly audit   deepmerge: [ '4.3.1' ],
69 silly audit   defaults: [ '1.0.4' ],
69 silly audit   'define-lazy-prop': [ '2.0.0' ],
69 silly audit   depd: [ '2.0.0' ],
69 silly audit   destroy: [ '1.2.0' ],
69 silly audit   'detect-libc': [ '2.1.2' ],
69 silly audit   'detect-node-es': [ '1.1.0' ],
69 silly audit   dotenv: [ '16.4.7' ],
69 silly audit   'dotenv-expand': [ '11.0.7' ],
69 silly audit   'ee-first': [ '1.1.1' ],
69 silly audit   'electron-to-chromium': [ '1.5.278' ],
69 silly audit   'emoji-regex': [ '8.0.0' ],
69 silly audit   encodeurl: [ '1.0.2', '2.0.0' ],
69 silly audit   'env-editor': [ '0.4.2' ],
69 silly audit   'error-stack-parser': [ '2.1.4' ],
69 silly audit   escalade: [ '3.2.0' ],
69 silly audit   'escape-html': [ '1.0.3' ],
69 silly audit   esprima: [ '4.0.1' ],
69 silly audit   etag: [ '1.8.1' ],
69 silly audit   'event-target-shim': [ '5.0.1' ],
69 silly audit   'exec-async': [ '2.2.0' ],
69 silly audit   expo: [ '54.0.32' ],
69 silly audit   'expo-asset': [ '12.0.12' ],
69 silly audit   'expo-constants': [ '18.0.13' ],
69 silly audit   'expo-file-system': [ '19.0.21' ],
69 silly audit   'expo-font': [ '14.0.11' ],
69 silly audit   'expo-keep-awake': [ '15.0.8' ],
69 silly audit   'expo-linking': [ '8.0.11' ],
69 silly audit   'expo-modules-autolinking': [ '3.0.24' ],
69 silly audit   'expo-modules-core': [ '3.0.29' ],
69 silly audit   'expo-router': [ '6.0.22' ],
69 silly audit   '@radix-ui/react-collection': [ '1.1.7' ],
69 silly audit   '@radix-ui/react-presence': [ '1.1.5' ],
69 silly audit   '@radix-ui/react-primitive': [ '2.1.3' ],
69 silly audit   '@radix-ui/react-roving-focus': [ '1.1.11' ],
69 silly audit   '@radix-ui/react-tabs': [ '1.1.13' ],
69 silly audit   'expo-server': [ '1.0.5' ],
69 silly audit   'expo-splash-screen': [ '31.0.13' ],
69 silly audit   'expo-status-bar': [ '3.0.9' ],
69 silly audit   'expo-web-browser': [ '15.0.10' ],
69 silly audit   '@expo/cli': [ '54.0.22' ],
69 silly audit   picomatch: [ '3.0.1', '2.3.1', '4.0.3' ],
69 silly audit   'exponential-backoff': [ '3.1.3' ],
69 silly audit   'fast-deep-equal': [ '3.1.3' ],
69 silly audit   'fast-json-stable-stringify': [ '2.1.0' ],
69 silly audit   'fb-watchman': [ '2.0.2' ],
69 silly audit   fbjs: [ '3.0.5' ],
69 silly audit   'fbjs-css-vars': [ '1.0.2' ],
69 silly audit   promise: [ '7.3.1', '8.3.0' ],
69 silly audit   'fill-range': [ '7.1.1' ],
69 silly audit   'filter-obj': [ '1.1.0' ],
69 silly audit   finalhandler: [ '1.1.2' ],
69 silly audit   'flow-enums-runtime': [ '0.0.6' ],
69 silly audit   fontfaceobserver: [ '2.3.0' ],
69 silly audit   'freeport-async': [ '2.0.0' ],
69 silly audit   fresh: [ '0.5.2' ],
69 silly audit   'fs.realpath': [ '1.0.0' ],
69 silly audit   fsevents: [ '2.3.3' ],
69 silly audit   'function-bind': [ '1.1.2' ],
69 silly audit   gensync: [ '1.0.0-beta.2' ],
69 silly audit   'get-caller-file': [ '2.0.5' ],
69 silly audit   'get-nonce': [ '1.0.1' ],
69 silly audit   'get-package-type': [ '0.1.0' ],
69 silly audit   getenv: [ '2.0.0' ],
69 silly audit   'global-dirs': [ '0.1.1' ],
69 silly audit   'graceful-fs': [ '4.2.11' ],
69 silly audit   hasown: [ '2.0.2' ],
69 silly audit   'hermes-estree': [ '0.29.1', '0.32.0' ],
69 silly audit   'hermes-parser': [ '0.29.1', '0.32.0' ],
69 silly audit   'hosted-git-info': [ '7.0.2' ],
69 silly audit   'lru-cache': [ '10.4.3', '5.1.1', '11.2.4' ],
69 silly audit   'http-errors': [ '2.0.1' ],
69 silly audit   statuses: [ '2.0.2', '1.5.0' ],
69 silly audit   'https-proxy-agent': [ '7.0.6' ],
69 silly audit   'hyphenate-style-name': [ '1.1.0' ],
69 silly audit   ieee754: [ '1.2.1' ],
69 silly audit   ignore: [ '5.3.2' ],
69 silly audit   'image-size': [ '1.2.1' ],
69 silly audit   imurmurhash: [ '0.1.4' ],
69 silly audit   inflight: [ '1.0.6' ],
69 silly audit   inherits: [ '2.0.4' ],
69 silly audit   ini: [ '1.3.8' ],
69 silly audit   'inline-style-prefixer': [ '7.0.1' ],
69 silly audit   invariant: [ '2.2.4' ],
69 silly audit   'is-arrayish': [ '0.3.4' ],
69 silly audit   'is-core-module': [ '2.16.1' ],
69 silly audit   'is-docker': [ '2.2.1' ],
69 silly audit   'is-fullwidth-code-point': [ '3.0.0' ],
69 silly audit   'is-number': [ '7.0.0' ],
69 silly audit   'is-wsl': [ '2.2.0' ],
69 silly audit   isexe: [ '2.0.0' ],
69 silly audit   'istanbul-lib-coverage': [ '3.2.2' ],
69 silly audit   'istanbul-lib-instrument': [ '5.2.1' ],
69 silly audit   'jest-environment-node': [ '29.7.0' ],
69 silly audit   'jest-get-type': [ '29.6.3' ],
69 silly audit   'jest-haste-map': [ '29.7.0' ],
69 silly audit   'jest-message-util': [ '29.7.0' ],
69 silly audit   'jest-mock': [ '29.7.0' ],
69 silly audit   'jest-regex-util': [ '29.6.3' ],
69 silly audit   'jest-util': [ '29.7.0' ],
69 silly audit   'jest-validate': [ '29.7.0' ],
69 silly audit   'jest-worker': [ '29.7.0' ],
69 silly audit   'jimp-compact': [ '0.16.1' ],
69 silly audit   'js-tokens': [ '4.0.0' ],
69 silly audit   'jsc-safe-url': [ '0.2.4' ],
69 silly audit   jsesc: [ '3.1.0' ],
69 silly audit   json5: [ '2.2.3' ],
69 silly audit   kleur: [ '3.0.3' ],
69 silly audit   'lan-network': [ '0.1.7' ],
69 silly audit   leven: [ '3.1.0' ],
69 silly audit   'lighthouse-logger': [ '1.4.2' ],
69 silly audit   lightningcss: [ '1.31.1' ],
69 silly audit   'lightningcss-android-arm64': [ '1.31.1' ],
69 silly audit   'lightningcss-darwin-arm64': [ '1.31.1' ],
69 silly audit   'lightningcss-darwin-x64': [ '1.31.1' ],
69 silly audit   'lightningcss-freebsd-x64': [ '1.31.1' ],
69 silly audit   'lightningcss-linux-arm-gnueabihf': [ '1.31.1' ],
69 silly audit   'lightningcss-linux-arm64-gnu': [ '1.31.1' ],
69 silly audit   'lightningcss-linux-arm64-musl': [ '1.31.1' ],
69 silly audit   'lightningcss-linux-x64-gnu': [ '1.31.1' ],
69 silly audit   'lightningcss-linux-x64-musl': [ '1.31.1' ],
69 silly audit   'lightningcss-win32-arm64-msvc': [ '1.31.1' ],
69 silly audit   'lightningcss-win32-x64-msvc': [ '1.31.1' ],
69 silly audit   'lines-and-columns': [ '1.2.4' ],
69 silly audit   'lodash.debounce': [ '4.0.8' ],
69 silly audit   'lodash.throttle': [ '4.1.1' ],
69 silly audit   'log-symbols': [ '2.2.0' ],
69 silly audit   'loose-envify': [ '1.4.0' ],
69 silly audit   makeerror: [ '1.0.12' ],
69 silly audit   marky: [ '1.3.0' ],
69 silly audit   'memoize-one': [ '5.2.1', '6.0.0' ],
69 silly audit   'merge-stream': [ '2.0.0' ],
69 silly audit   metro: [ '0.83.3' ],
69 silly audit   'metro-babel-transformer': [ '0.83.3' ],
69 silly audit   'metro-cache': [ '0.83.3' ],
69 silly audit   'metro-cache-key': [ '0.83.3' ],
69 silly audit   'metro-config': [ '0.83.3' ],
69 silly audit   'metro-core': [ '0.83.3' ],
69 silly audit   'metro-file-map': [ '0.83.3' ],
69 silly audit   'metro-minify-terser': [ '0.83.3' ],
69 silly audit   'metro-resolver': [ '0.83.3' ],
69 silly audit   'metro-runtime': [ '0.83.3' ],
69 silly audit   'metro-source-map': [ '0.83.3' ],
69 silly audit   'metro-symbolicate': [ '0.83.3' ],
69 silly audit   'metro-transform-plugins': [ '0.83.3' ],
69 silly audit   'metro-transform-worker': [ '0.83.3' ],
69 silly audit   micromatch: [ '4.0.8' ],
69 silly audit   mime: [ '1.6.0' ],
69 silly audit   'mime-db': [ '1.52.0' ],
69 silly audit   'mime-types': [ '2.1.35' ],
69 silly audit   'mimic-fn': [ '1.2.0' ],
69 silly audit   minimist: [ '1.2.8' ],
69 silly audit   minipass: [ '7.1.2' ],
69 silly audit   minizlib: [ '3.1.0' ],
69 silly audit   mkdirp: [ '1.0.4' ],
69 silly audit   mz: [ '2.7.0' ],
69 silly audit   nanoid: [ '3.3.11' ],
69 silly audit   'nested-error-stacks': [ '2.0.1' ],
69 silly audit   'node-fetch': [ '2.7.0' ],
69 silly audit   'node-forge': [ '1.3.3' ],
69 silly audit   'node-int64': [ '0.4.0' ],
69 silly audit   'node-releases': [ '2.0.27' ],
69 silly audit   'normalize-path': [ '3.0.0' ],
69 silly audit   'npm-package-arg': [ '11.0.3' ],
69 silly audit   nullthrows: [ '1.1.1' ],
69 silly audit   ob1: [ '0.83.3' ],
69 silly audit   'object-assign': [ '4.1.1' ],
69 silly audit   'on-finished': [ '2.3.0', '2.4.1' ],
69 silly audit   'on-headers': [ '1.1.0' ],
69 silly audit   once: [ '1.4.0' ],
69 silly audit   onetime: [ '2.0.1' ],
69 silly audit   ora: [ '3.4.0' ],
69 silly audit   'strip-ansi': [ '5.2.0', '6.0.1' ],
69 silly audit   'p-limit': [ '3.1.0', '2.3.0' ],
69 silly audit   'p-try': [ '2.2.0' ],
69 silly audit   'parse-png': [ '2.1.0' ],
69 silly audit   parseurl: [ '1.3.3' ],
69 silly audit   'path-exists': [ '4.0.0' ],
69 silly audit   'path-is-absolute': [ '1.0.1' ],
69 silly audit   'path-key': [ '3.1.1' ],
69 silly audit   'path-parse': [ '1.0.7' ],
69 silly audit   'path-scurry': [ '2.0.1' ],
69 silly audit   picocolors: [ '1.1.1' ],
69 silly audit   pirates: [ '4.0.7' ],
69 silly audit   plist: [ '3.1.0' ],
69 silly audit   pngjs: [ '3.4.0' ],
69 silly audit   postcss: [ '8.4.49' ],
69 silly audit   'postcss-value-parser': [ '4.2.0' ],
69 silly audit   'pretty-bytes': [ '5.6.0' ],
69 silly audit   'pretty-format': [ '29.7.0' ],
69 silly audit   'react-is': [ '18.3.1', '19.2.3', '16.13.1' ],
69 silly audit   'proc-log': [ '4.2.0' ],
69 silly audit   progress: [ '2.0.3' ],
69 silly audit   prompts: [ '2.4.2' ],
69 silly audit   punycode: [ '2.3.1' ],
69 silly audit   'qrcode-terminal': [ '0.11.0' ],
69 silly audit   'query-string': [ '7.1.3' ],
69 silly audit   queue: [ '6.0.2' ],
69 silly audit   'range-parser': [ '1.2.1' ],
69 silly audit   rc: [ '1.2.8' ],
69 silly audit   react: [ '19.1.0' ],
69 silly audit   'react-devtools-core': [ '6.1.5' ],
69 silly audit   'react-dom': [ '19.1.0' ],
69 silly audit   'react-fast-compare': [ '3.2.2' ],
69 silly audit   'react-freeze': [ '1.0.4' ],
69 silly audit   'react-native': [ '0.81.5' ],
69 silly audit   'react-native-is-edge-to-edge': [ '1.2.1' ],
69 silly audit   'react-native-reanimated': [ '4.1.6' ],
69 silly audit   'react-native-safe-area-context': [ '5.6.2' ],
69 silly audit   'react-native-screens': [ '4.16.0' ],
69 silly audit   'react-native-web': [ '0.21.2' ],
69 silly audit   'react-native-worklets': [ '0.5.1' ],
69 silly audit   '@react-native/virtualized-lists': [ '0.81.5' ],
69 silly audit   'react-refresh': [ '0.14.2' ],
69 silly audit   'react-remove-scroll': [ '2.7.2' ],
69 silly audit   'react-remove-scroll-bar': [ '2.3.8' ],
69 silly audit   'react-style-singleton': [ '2.2.3' ],
69 silly audit   'react-test-renderer': [ '19.1.0' ],
69 silly audit   regenerate: [ '1.4.2' ],
69 silly audit   'regenerate-unicode-properties': [ '10.2.2' ],
69 silly audit   'regenerator-runtime': [ '0.13.11' ],
69 silly audit   'regexpu-core': [ '6.4.0' ],
69 silly audit   regjsgen: [ '0.8.0' ],
69 silly audit   regjsparser: [ '0.13.0' ],
69 silly audit   'require-directory': [ '2.1.1' ],
69 silly audit   'require-from-string': [ '2.0.2' ],
69 silly audit   requireg: [ '0.2.2' ],
69 silly audit   resolve: [ '1.7.1', '1.22.11' ],
69 silly audit   'resolve-from': [ '5.0.0' ],
69 silly audit   'resolve-global': [ '1.0.0' ],
69 silly audit   'resolve-workspace-root': [ '2.0.1' ],
69 silly audit   'resolve.exports': [ '2.0.3' ],
69 silly audit   'restore-cursor': [ '2.0.0' ],
69 silly audit   rimraf: [ '3.0.2' ],
69 silly audit   'safe-buffer': [ '5.2.1' ],
69 silly audit   sax: [ '1.4.4' ],
69 silly audit   scheduler: [ '0.26.0' ],
69 silly audit   send: [ '0.19.2' ],
69 silly audit   'serialize-error': [ '2.1.0' ],
69 silly audit   'serve-static': [ '1.16.3' ],
69 silly audit   'server-only': [ '0.0.1' ],
69 silly audit   setimmediate: [ '1.0.5' ],
69 silly audit   setprototypeof: [ '1.2.0' ],
69 silly audit   'sf-symbols-typescript': [ '2.2.0' ],
69 silly audit   shallowequal: [ '1.1.0' ],
69 silly audit   'shebang-command': [ '2.0.0' ],
69 silly audit   'shebang-regex': [ '3.0.0' ],
69 silly audit   'shell-quote': [ '1.8.3' ],
69 silly audit   'signal-exit': [ '3.0.7' ],
69 silly audit   'simple-plist': [ '1.3.1' ],
69 silly audit   'simple-swizzle': [ '0.2.4' ],
69 silly audit   sisteransi: [ '1.0.5' ],
69 silly audit   slash: [ '3.0.0' ],
69 silly audit   slugify: [ '1.6.6' ],
69 silly audit   'source-map': [ '0.5.7', '0.6.1' ],
69 silly audit   'source-map-js': [ '1.2.1' ],
69 silly audit   'source-map-support': [ '0.5.21' ],
69 silly audit   'split-on-first': [ '1.1.0' ],
69 silly audit   'sprintf-js': [ '1.0.3' ],
69 silly audit   'stack-utils': [ '2.0.6' ],
69 silly audit   stackframe: [ '1.3.4' ],
69 silly audit   'stacktrace-parser': [ '0.1.11' ],
69 silly audit   'stream-buffers': [ '2.2.0' ],
69 silly audit   'strict-uri-encode': [ '2.0.0' ],
69 silly audit   'string-width': [ '4.2.3' ],
69 silly audit   'strip-json-comments': [ '2.0.1' ],
69 silly audit   'structured-headers': [ '0.4.1' ],
69 silly audit   styleq: [ '0.1.3' ],
69 silly audit   sucrase: [ '3.35.1' ],
69 silly audit   'supports-hyperlinks': [ '2.3.0' ],
69 silly audit   'supports-preserve-symlinks-flag': [ '1.0.0' ],
69 silly audit   tar: [ '7.5.6' ],
69 silly audit   yallist: [ '5.0.0', '3.1.1' ],
69 silly audit   'temp-dir': [ '2.0.0' ],
69 silly audit   'terminal-link': [ '2.1.1' ],
69 silly audit   terser: [ '5.46.0' ],
69 silly audit   'test-exclude': [ '6.0.0' ],
69 silly audit   thenify: [ '3.3.1' ],
69 silly audit   'thenify-all': [ '1.6.0' ],
69 silly audit   throat: [ '5.0.0' ],
69 silly audit   tinyglobby: [ '0.2.15' ],
69 silly audit   fdir: [ '6.5.0' ],
69 silly audit   tmpl: [ '1.0.5' ],
69 silly audit   'to-regex-range': [ '5.0.1' ],
69 silly audit   toidentifier: [ '1.0.1' ],
69 silly audit   tr46: [ '0.0.3' ],
69 silly audit   'ts-interface-checker': [ '0.1.13' ],
69 silly audit   tslib: [ '2.8.1' ],
69 silly audit   'type-detect': [ '4.0.8' ],
69 silly audit   typescript: [ '5.9.3' ],
69 silly audit   'ua-parser-js': [ '1.0.41' ],
69 silly audit   undici: [ '6.23.0' ],
69 silly audit   'undici-types': [ '7.16.0' ],
69 silly audit   'unicode-canonical-property-names-ecmascript': [ '2.0.1' ],
69 silly audit   'unicode-match-property-ecmascript': [ '2.0.0' ],
69 silly audit   'unicode-match-property-value-ecmascript': [ '2.2.1' ],
69 silly audit   'unicode-property-aliases-ecmascript': [ '2.2.0' ],
69 silly audit   'unique-string': [ '2.0.0' ],
69 silly audit   unpipe: [ '1.0.0' ],
69 silly audit   'update-browserslist-db': [ '1.2.3' ],
69 silly audit   'use-callback-ref': [ '1.3.3' ],
69 silly audit   'use-latest-callback': [ '0.2.6' ],
69 silly audit   'use-sidecar': [ '1.1.3' ],
69 silly audit   'use-sync-external-store': [ '1.6.0' ],
69 silly audit   'utils-merge': [ '1.0.1' ],
69 silly audit   uuid: [ '7.0.3' ],
69 silly audit   'validate-npm-package-name': [ '5.0.1' ],
69 silly audit   vary: [ '1.1.2' ],
69 silly audit   vaul: [ '1.1.2' ],
69 silly audit   '@radix-ui/react-dialog': [ '1.1.15' ],
69 silly audit   '@radix-ui/react-dismissable-layer': [ '1.1.11' ],
69 silly audit   '@radix-ui/react-focus-scope': [ '1.1.7' ],
69 silly audit   '@radix-ui/react-portal': [ '1.1.9' ],
69 silly audit   vlq: [ '1.0.1' ],
69 silly audit   walker: [ '1.0.8' ],
69 silly audit   'warn-once': [ '0.1.1' ],
69 silly audit   wcwidth: [ '1.0.1' ],
69 silly audit   'webidl-conversions': [ '3.0.1', '5.0.0' ],
69 silly audit   'whatwg-fetch': [ '3.6.20' ],
69 silly audit   'whatwg-url': [ '5.0.0' ],
69 silly audit   'whatwg-url-without-unicode': [ '8.0.0-3' ],
69 silly audit   which: [ '2.0.2' ],
69 silly audit   wonka: [ '6.3.5' ],
69 silly audit   'wrap-ansi': [ '7.0.0' ],
69 silly audit   wrappy: [ '1.0.2' ],
69 silly audit   'write-file-atomic': [ '4.0.2' ],
69 silly audit   xcode: [ '3.0.1' ],
69 silly audit   xml2js: [ '0.6.0' ],
69 silly audit   xmlbuilder: [ '11.0.1', '15.1.1' ],
69 silly audit   y18n: [ '5.0.8' ],
69 silly audit   yaml: [ '2.8.2' ],
69 silly audit   yargs: [ '17.7.2' ],
69 silly audit   'yargs-parser': [ '21.1.1' ],
69 silly audit   'yocto-queue': [ '0.1.0' ],
69 silly audit   '@react-native-async-storage/async-storage': [ '2.2.0' ],
69 silly audit   'react-native-gesture-handler': [ '2.28.0' ],
69 silly audit   'merge-options': [ '3.0.4' ],
69 silly audit   'is-plain-obj': [ '2.1.0' ],
69 silly audit   '@egjs/hammerjs': [ '2.0.17' ],
69 silly audit   'hoist-non-react-statics': [ '3.3.2' ],
69 silly audit   '@types/hammerjs': [ '2.0.46' ]
69 silly audit }
70 verbose reify failed optional dependency /Users/vivek/Documents/vide coding/antigravity/dutch vocab builder/dutch-vocab-builder/node_modules/lightningcss-win32-x64-msvc
71 silly reify mark deleted [
71 silly reify   '/Users/vivek/Documents/vide coding/antigravity/dutch vocab builder/dutch-vocab-builder/node_modules/lightningcss-win32-x64-msvc'
71 silly reify ]
72 verbose reify failed optional dependency /Users/vivek/Documents/vide coding/antigravity/dutch vocab builder/dutch-vocab-builder/node_modules/lightningcss-win32-arm64-msvc
73 silly reify mark deleted [
73 silly reify   '/Users/vivek/Documents/vide coding/antigravity/dutch vocab builder/dutch-vocab-builder/node_modules/lightningcss-win32-arm64-msvc'
73 silly reify ]
74 verbose reify failed optional dependency /Users/vivek/Documents/vide coding/antigravity/dutch vocab builder/dutch-vocab-builder/node_modules/lightningcss-linux-x64-musl
75 silly reify mark deleted [
75 silly reify   '/Users/vivek/Documents/vide coding/antigravity/dutch vocab builder/dutch-vocab-builder/node_modules/lightningcss-linux-x64-musl'
75 silly reify ]
76 verbose reify failed optional dependency /Users/vivek/Documents/vide coding/antigravity/dutch vocab builder/dutch-vocab-builder/node_modules/lightningcss-linux-x64-gnu
77 silly reify mark deleted [
77 silly reify   '/Users/vivek/Documents/vide coding/antigravity/dutch vocab builder/dutch-vocab-builder/node_modules/lightningcss-linux-x64-gnu'
77 silly reify ]
78 verbose reify failed optional dependency /Users/vivek/Documents/vide coding/antigravity/dutch vocab builder/dutch-vocab-builder/node_modules/lightningcss-linux-arm64-musl
79 silly reify mark deleted [
79 silly reify   '/Users/vivek/Documents/vide coding/antigravity/dutch vocab builder/dutch-vocab-builder/node_modules/lightningcss-linux-arm64-musl'
79 silly reify ]
80 verbose reify failed optional dependency /Users/vivek/Documents/vide coding/antigravity/dutch vocab builder/dutch-vocab-builder/node_modules/lightningcss-linux-arm64-gnu
81 silly reify mark deleted [
81 silly reify   '/Users/vivek/Documents/vide coding/antigravity/dutch vocab builder/dutch-vocab-builder/node_modules/lightningcss-linux-arm64-gnu'
81 silly reify ]
82 verbose reify failed optional dependency /Users/vivek/Documents/vide coding/antigravity/dutch vocab builder/dutch-vocab-builder/node_modules/lightningcss-linux-arm-gnueabihf
83 silly reify mark deleted [
83 silly reify   '/Users/vivek/Documents/vide coding/antigravity/dutch vocab builder/dutch-vocab-builder/node_modules/lightningcss-linux-arm-gnueabihf'
83 silly reify ]
84 verbose reify failed optional dependency /Users/vivek/Documents/vide coding/antigravity/dutch vocab builder/dutch-vocab-builder/node_modules/lightningcss-freebsd-x64
85 silly reify mark deleted [
85 silly reify   '/Users/vivek/Documents/vide coding/antigravity/dutch vocab builder/dutch-vocab-builder/node_modules/lightningcss-freebsd-x64'
85 silly reify ]
86 verbose reify failed optional dependency /Users/vivek/Documents/vide coding/antigravity/dutch vocab builder/dutch-vocab-builder/node_modules/lightningcss-darwin-x64
87 silly reify mark deleted [
87 silly reify   '/Users/vivek/Documents/vide coding/antigravity/dutch vocab builder/dutch-vocab-builder/node_modules/lightningcss-darwin-x64'
87 silly reify ]
88 verbose reify failed optional dependency /Users/vivek/Documents/vide coding/antigravity/dutch vocab builder/dutch-vocab-builder/node_modules/lightningcss-android-arm64
89 silly reify mark deleted [
89 silly reify   '/Users/vivek/Documents/vide coding/antigravity/dutch vocab builder/dutch-vocab-builder/node_modules/lightningcss-android-arm64'
89 silly reify ]
90 http cache hoist-non-react-statics@https://registry.npmjs.org/hoist-non-react-statics/-/hoist-non-react-statics-3.3.2.tgz 0ms (cache hit)
91 http cache @types/hammerjs@https://registry.npmjs.org/@types/hammerjs/-/hammerjs-2.0.46.tgz 0ms (cache hit)
92 http cache is-plain-obj@https://registry.npmjs.org/is-plain-obj/-/is-plain-obj-2.1.0.tgz 0ms (cache hit)
93 http cache @egjs/hammerjs@https://registry.npmjs.org/@egjs/hammerjs/-/hammerjs-2.0.17.tgz 0ms (cache hit)
94 http cache react-native-gesture-handler@https://registry.npmjs.org/react-native-gesture-handler/-/react-native-gesture-handler-2.28.0.tgz 0ms (cache hit)
95 http cache merge-options@https://registry.npmjs.org/merge-options/-/merge-options-3.0.4.tgz 0ms (cache hit)
96 http cache fsevents@https://registry.npmjs.org/fsevents/-/fsevents-2.3.3.tgz 0ms (cache hit)
97 http cache @react-native-async-storage/async-storage@https://registry.npmjs.org/@react-native-async-storage/async-storage/-/async-storage-2.2.0.tgz 0ms (cache hit)
98 silly tarball no local data for hoist-non-react-statics@https://registry.npmjs.org/hoist-non-react-statics/-/hoist-non-react-statics-3.3.2.tgz. Extracting by manifest.
99 silly tarball no local data for @types/hammerjs@https://registry.npmjs.org/@types/hammerjs/-/hammerjs-2.0.46.tgz. Extracting by manifest.
100 http cache react-is@https://registry.npmjs.org/react-is/-/react-is-16.13.1.tgz 0ms (cache hit)
101 silly tarball no local data for is-plain-obj@https://registry.npmjs.org/is-plain-obj/-/is-plain-obj-2.1.0.tgz. Extracting by manifest.
102 silly tarball no local data for @egjs/hammerjs@https://registry.npmjs.org/@egjs/hammerjs/-/hammerjs-2.0.17.tgz. Extracting by manifest.
103 silly tarball no local data for react-native-gesture-handler@https://registry.npmjs.org/react-native-gesture-handler/-/react-native-gesture-handler-2.28.0.tgz. Extracting by manifest.
104 silly tarball no local data for merge-options@https://registry.npmjs.org/merge-options/-/merge-options-3.0.4.tgz. Extracting by manifest.
105 silly tarball no local data for fsevents@https://registry.npmjs.org/fsevents/-/fsevents-2.3.3.tgz. Extracting by manifest.
106 silly tarball no local data for @react-native-async-storage/async-storage@https://registry.npmjs.org/@react-native-async-storage/async-storage/-/async-storage-2.2.0.tgz. Extracting by manifest.
107 silly tarball no local data for react-is@https://registry.npmjs.org/react-is/-/react-is-16.13.1.tgz. Extracting by manifest.
108 http fetch GET 200 https://registry.npmjs.org/hoist-non-react-statics/-/hoist-non-react-statics-3.3.2.tgz 64ms (cache miss)
109 http fetch GET 200 https://registry.npmjs.org/is-plain-obj/-/is-plain-obj-2.1.0.tgz 108ms (cache miss)
110 http fetch GET 200 https://registry.npmjs.org/merge-options/-/merge-options-3.0.4.tgz 108ms (cache miss)
111 http fetch GET 200 https://registry.npmjs.org/react-is/-/react-is-16.13.1.tgz 111ms (cache miss)
112 http fetch GET 200 https://registry.npmjs.org/fsevents/-/fsevents-2.3.3.tgz 113ms (cache miss)
113 http fetch POST 200 https://registry.npmjs.org/-/npm/v1/security/advisories/bulk 216ms
114 silly audit report {}
115 http fetch GET 200 https://registry.npmjs.org/@egjs/hammerjs/-/hammerjs-2.0.17.tgz 223ms (cache miss)
116 http fetch GET 200 https://registry.npmjs.org/@react-native-async-storage/async-storage/-/async-storage-2.2.0.tgz 228ms (cache miss)
117 http fetch GET 200 https://registry.npmjs.org/react-native-gesture-handler/-/react-native-gesture-handler-2.28.0.tgz 413ms (cache miss)
118 http fetch GET 200 https://registry.npmjs.org/@types/hammerjs/-/hammerjs-2.0.46.tgz 487ms (cache miss)
119 silly ADD node_modules/@types/hammerjs
120 silly ADD node_modules/hoist-non-react-statics
121 silly ADD node_modules/hoist-non-react-statics/node_modules/react-is
122 silly ADD node_modules/@egjs/hammerjs
123 silly ADD node_modules/is-plain-obj
124 silly ADD node_modules/merge-options
125 silly ADD node_modules/undefined
126 silly ADD node_modules/react-native-gesture-handler
127 silly ADD node_modules/@react-native-async-storage/async-storage
128 silly ADD
129 silly ADD
130 silly ADD
131 silly ADD
132 silly ADD
133 silly ADD
134 silly ADD
135 silly ADD
136 silly ADD
137 silly ADD
138 silly ADD node_modules/fsevents
139 verbose cwd /Users/vivek/Documents/vide coding/antigravity/dutch vocab builder/dutch-vocab-builder
140 verbose os Darwin 24.6.0
141 verbose node v22.15.0
142 verbose npm  v10.9.2
143 notice
143 notice New [31mmajor[39m version of npm available! [31m10.9.2[39m -> [34m11.8.0[39m
143 notice Changelog: [34mhttps://github.com/npm/cli/releases/tag/v11.8.0[39m
143 notice To update run: [4mnpm install -g npm@11.8.0[24m
143 notice  { force: true, [Symbol(proc-log.meta)]: true }
144 verbose exit 0
145 info ok
